2025/12/09 14:17:21 
		===== Request Log =====
		METHOD		: GET
		PATH		: /api/todos/2
		STATUS CODE	: %!s(int=200)
		LATENCY		: 45.076682ms
		IP ADDRESS	: ::1
		USER AGENT	: PostmanRuntime/7.49.1
		
2025/12/09 14:18:17 
		===== Request Log =====
		METHOD		: GET
		PATH		: /api/todos
		STATUS CODE	: %!s(int=200)
		LATENCY		: 28.013765ms
		IP ADDRESS	: ::1
		USER AGENT	: PostmanRuntime/7.49.1
		
2025/12/09 14:18:44 
		===== Request Log =====
		METHOD		: POST
		PATH		: /api/todos
		STATUS CODE	: %!s(int=201)
		LATENCY		: 58.959226ms
		IP ADDRESS	: ::1
		USER AGENT	: PostmanRuntime/7.49.1
		
